\BOOKMARK [1][-]{section.1}{\376\377\000I\000n\000t\000r\000o\000d\000u\000c\000t\000i\000o\000n}{}% 1
\BOOKMARK [2][-]{section*.1}{\376\377\000R\000e\000s\000e\000a\000r\000c\000h\000\040\000Q\000u\000e\000s\000t\000i\000o\000n}{section.1}% 2
\BOOKMARK [2][-]{section*.2}{\376\377\000O\000u\000t\000l\000i\000n\000e}{section.1}% 3
\BOOKMARK [1][-]{section.2}{\376\377\000T\000h\000e\000o\000r\000e\000t\000i\000c\000a\000l\000\040\000F\000r\000a\000m\000e\000w\000o\000r\000k}{}% 4
\BOOKMARK [2][-]{section*.3}{\376\377\000C\000o\000v\000a\000r\000i\000a\000n\000c\000e\000\040\000S\000t\000r\000u\000c\000t\000u\000r\000e\000\040\000a\000n\000d\000\040\000A\000u\000t\000o\000c\000o\000r\000r\000e\000l\000a\000t\000i\000o\000n}{section.2}% 5
\BOOKMARK [2][-]{section*.4}{\376\377\000T\000h\000e\000\040\000F\000a\000i\000l\000u\000r\000e\000\040\000o\000f\000\040\000N\000a\000i\000v\000e\000\040\000R\000a\000n\000d\000o\000m\000\040\000k\000-\000f\000o\000l\000d\000\040\000C\000r\000o\000s\000s\000-\000V\000a\000l\000i\000d\000a\000t\000i\000o\000n}{section.2}% 6
\BOOKMARK [2][-]{section*.5}{\376\377\000D\000e\000p\000e\000n\000d\000e\000n\000c\000e\000-\000A\000w\000a\000r\000e\000\040\000C\000V\000\040\000S\000c\000h\000e\000m\000e\000s\000.}{section.2}% 7
\BOOKMARK [1][-]{section.3}{\376\377\000R\000e\000g\000r\000e\000s\000s\000i\000o\000n\000\040\000M\000o\000d\000e\000l\000s\000\040\000a\000n\000d\000\040\000H\000y\000p\000e\000r\000p\000a\000r\000a\000m\000e\000t\000e\000r\000s}{}% 8
\BOOKMARK [2][-]{section*.10}{\376\377\000K\000e\000r\000n\000e\000l\000\040\000R\000e\000g\000r\000e\000s\000s\000i\000o\000n\000\040\000\050\000N\000a\000d\000a\000r\000a\000y\000a\040\023\000W\000a\000t\000s\000o\000n\000\051}{section.3}% 9
\BOOKMARK [2][-]{section*.11}{\376\377\000P\000e\000n\000a\000l\000i\000z\000e\000d\000\040\000S\000p\000l\000i\000n\000e\000s}{section.3}% 10
\BOOKMARK [2][-]{section*.12}{\376\377\000G\000r\000a\000d\000i\000e\000n\000t\000-\000b\000o\000o\000s\000t\000e\000d\000\040\000T\000r\000e\000e\000s\000\040\000\050\000X\000G\000B\000o\000o\000s\000t\000\051}{section.3}% 11
\BOOKMARK [2][-]{section*.13}{\376\377\000S\000u\000m\000m\000a\000r\000y\000\040\000o\000f\000\040\000T\000u\000n\000e\000d\000\040\000H\000y\000p\000e\000r\000p\000a\000r\000a\000m\000e\000t\000e\000r\000s}{section.3}% 12
\BOOKMARK [1][-]{section.4}{\376\377\000E\000f\000f\000i\000c\000i\000e\000n\000t\000\040\000C\000o\000m\000p\000u\000t\000a\000t\000i\000o\000n\000\040\000f\000o\000r\000\040\000P\000e\000n\000a\000l\000i\000z\000e\000d\000\040\000S\000p\000l\000i\000n\000e\000s\000\040\000\050\000N\000C\000V\000\051}{}% 13
\BOOKMARK [2][-]{section*.14}{\376\377\000P\000e\000n\000a\000l\000i\000z\000e\000d\000\040\000S\000p\000l\000i\000n\000e\000\040\000E\000s\000t\000i\000m\000a\000t\000o\000r}{section.4}% 14
\BOOKMARK [2][-]{section*.15}{\376\377\000N\000e\000i\000g\000h\000b\000o\000r\000h\000o\000o\000d\000\040\000C\000V\000\040\000O\000b\000j\000e\000c\000t\000i\000v\000e\000\040\000a\000n\000d\000\040\000N\000a\000i\000v\000e\000\040\000C\000o\000s\000t}{section.4}% 15
\BOOKMARK [2][-]{section*.17}{\376\377\000F\000a\000s\000t\000N\000C\000V\000\040\000i\000d\000e\000a\000:\000\040\000o\000n\000e\000\040\000N\000e\000w\000t\000o\000n\000\040\000S\000t\000e\000p\000\040\000f\000r\000o\000m\000\040\000t\000h\000e\000\040\000F\000u\000l\000l\000-\000d\000a\000t\000a\000\040\000S\000o\000l\000u\000t\000i\000o\000n}{section.4}% 16
\BOOKMARK [2][-]{section*.19}{\376\377\000C\000h\000o\000l\000e\000s\000k\000y\000\040\000d\000o\000w\000n\000d\000a\000t\000i\000n\000g\000\040\000a\000n\000d\000\040\000W\000o\000o\000d\000b\000u\000r\000y\000\040\000f\000a\000l\000l\000b\000a\000c\000k}{section.4}% 17
\BOOKMARK [2][-]{section*.20}{\376\377\000A\000l\000g\000o\000r\000i\000t\000h\000m\000\040\000s\000u\000m\000m\000a\000r\000y}{section.4}% 18
\BOOKMARK [2][-]{section*.21}{\376\377\000C\000o\000m\000p\000l\000e\000x\000i\000t\000y}{section.4}% 19
\BOOKMARK [2][-]{section*.22}{\376\377\000B\000e\000n\000c\000h\000m\000a\000r\000k\000:\000\040\000S\000p\000e\000e\000d\000\040\000a\000n\000d\000\040\000N\000u\000m\000e\000r\000i\000c\000a\000l\000\040\000A\000g\000r\000e\000e\000m\000e\000n\000t}{section.4}% 20
\BOOKMARK [1][-]{section.5}{\376\377\000S\000i\000m\000u\000l\000a\000t\000i\000o\000n\000\040\000S\000t\000u\000d\000y}{}% 21
\BOOKMARK [2][-]{section*.24}{\376\377\000D\000a\000t\000a\000\040\000g\000e\000n\000e\000r\000a\000t\000i\000n\000g\000\040\000p\000r\000o\000c\000e\000s\000s\000\040\000\050\000D\000G\000P\000\051}{section.5}% 22
\BOOKMARK [2][-]{section*.26}{\376\377\000S\000i\000g\000n\000a\000l\000s}{section.5}% 23
\BOOKMARK [1][-]{section.6}{\376\377\000R\000e\000s\000u\000l\000t\000s}{}% 24
\BOOKMARK [2][-]{section*.30}{\376\377\000R\000i\000s\000k\000\040\000E\000s\000t\000i\000m\000a\000t\000i\000o\000n\000\040\000B\000i\000a\000s}{section.6}% 25
\BOOKMARK [2][-]{section*.32}{\376\377\000H\000y\000p\000e\000r\000p\000a\000r\000a\000m\000e\000t\000e\000r\000\040\000S\000e\000l\000e\000c\000t\000i\000o\000n}{section.6}% 26
\BOOKMARK [2][-]{section*.33}{\376\377\000C\000o\000m\000p\000a\000r\000i\000s\000o\000n\000\040\000o\000f\000\040\000F\000i\000t\000t\000e\000d\000\040\000C\000u\000r\000v\000e\000s}{section.6}% 27
\BOOKMARK [2][-]{section*.34}{\376\377\000M\000o\000d\000e\000l\000\040\000C\000o\000m\000p\000a\000r\000i\000s\000o\000n}{section.6}% 28
\BOOKMARK [2][-]{section*.35}{\376\377\000T\000i\000m\000e\000\040\000C\000o\000m\000p\000a\000r\000i\000s\000o\000n}{section.6}% 29
\BOOKMARK [1][-]{section.7}{\376\377\000R\000e\000a\000l\000\040\000D\000a\000t\000a\000\040\000A\000p\000p\000l\000i\000c\000a\000t\000i\000o\000n\000s}{}% 30
\BOOKMARK [2][-]{section*.36}{\376\377\000D\000a\000t\000a\000s\000e\000t\000\040\000D\000i\000a\000g\000n\000o\000s\000t\000i\000c\000s\000\040\000a\000n\000d\000\040\000C\000h\000a\000r\000a\000c\000t\000e\000r\000i\000z\000a\000t\000i\000o\000n}{section.7}% 31
\BOOKMARK [2][-]{section*.39}{\376\377\000R\000e\000s\000u\000l\000t\000s}{section.7}% 32
\BOOKMARK [1][-]{section.8}{\376\377\000D\000i\000s\000c\000u\000s\000s\000i\000o\000n}{}% 33
\BOOKMARK [2][-]{section*.42}{\376\377\000K\000e\000y\000\040\000T\000a\000k\000e\000a\000w\000a\000y\000s}{section.8}% 34
\BOOKMARK [2][-]{section*.43}{\376\377\000H\000o\000w\000\040\000t\000h\000e\000\040\000F\000i\000n\000d\000i\000n\000g\000s\000\040\000A\000l\000i\000g\000n\000\040\000w\000i\000t\000h\000\040\000T\000h\000e\000o\000r\000y}{section.8}% 35
\BOOKMARK [2][-]{section*.44}{\376\377\000P\000r\000a\000c\000t\000i\000c\000a\000l\000\040\000R\000e\000c\000o\000m\000m\000e\000n\000d\000a\000t\000i\000o\000n\000s}{section.8}% 36
\BOOKMARK [1][-]{section.9}{\376\377\000C\000o\000n\000c\000l\000u\000s\000i\000o\000n}{}% 37
\BOOKMARK [2][-]{section*.45}{\376\377\000L\000i\000m\000i\000t\000a\000t\000i\000o\000n\000s\000\040\000a\000n\000d\000\040\000F\000u\000t\000u\000r\000e\000\040\000W\000o\000r\000k}{section.9}% 38
\BOOKMARK [1][-]{appendix.A}{\376\377\000R\000e\000a\000l\000\040\000D\000a\000t\000a\000\040\000D\000i\000a\000g\000n\000o\000s\000t\000i\000c\000s}{}% 39
\BOOKMARK [1][-]{appendix.B}{\376\377\000R\000e\000p\000r\000o\000d\000u\000c\000i\000b\000i\000l\000i\000t\000y\000\040\000a\000n\000d\000\040\000I\000m\000p\000l\000e\000m\000e\000n\000t\000a\000t\000i\000o\000n\000\040\000D\000e\000t\000a\000i\000l\000s}{}% 40
\BOOKMARK [2][-]{section*.47}{\376\377\000D\000a\000t\000a\000\040\000G\000e\000n\000e\000r\000a\000t\000i\000n\000g\000\040\000P\000r\000o\000c\000e\000s\000s\000\040\000a\000n\000d\000\040\000E\000x\000p\000e\000r\000i\000m\000e\000n\000t\000a\000l\000\040\000D\000e\000s\000i\000g\000n}{appendix.B}% 41
\BOOKMARK [2][-]{section*.52}{\376\377\000M\000o\000n\000t\000e\000\040\000C\000a\000r\000l\000o\000\040\000D\000e\000s\000i\000g\000n\000\040\000a\000n\000d\000\040\000E\000v\000a\000l\000u\000a\000t\000i\000o\000n\000\040\000P\000r\000o\000t\000o\000c\000o\000l}{appendix.B}% 42
\BOOKMARK [2][-]{section*.54}{\376\377\000C\000r\000o\000s\000s\000-\000v\000a\000l\000i\000d\000a\000t\000i\000o\000n\000\040\000i\000m\000p\000l\000e\000m\000e\000n\000t\000a\000t\000i\000o\000n\000s\000\040\000\050\000u\000t\000i\000l\000s\000/\000c\000v\000.\000p\000y\000\051}{appendix.B}% 43
\BOOKMARK [2][-]{section*.55}{\376\377\000M\000o\000d\000e\000l\000s\000,\000\040\000t\000u\000n\000i\000n\000g\000\040\000g\000r\000i\000d\000s\000,\000\040\000a\000n\000d\000\040\000f\000i\000x\000e\000d\000\040\000s\000e\000t\000t\000i\000n\000g\000s}{appendix.B}% 44
\BOOKMARK [2][-]{section*.56}{\376\377\000N\000o\000t\000e\000s\000\040\000o\000n\000\040\000t\000i\000m\000i\000n\000g\000\040\000b\000e\000n\000c\000h\000m\000a\000r\000k\000s}{appendix.B}% 45
